
target/riscv64gc-unknown-none-elf/release/os:	file format elf64-littleriscv

Disassembly of section .text:

0000000080200000 <stext>:
80200000: 00012117     	auipc	sp, 0x12
80200004: 00010113     	mv	sp, sp
80200008: 00000097     	auipc	ra, 0x0
8020000c: 37c080e7     	jalr	0x37c(ra) <rust_main>

0000000080200010 <_ZN44_$LT$$RF$T$u20$as$u20$core..fmt..Display$GT$3fmt17h28a054afb3c78d4bE>:
80200010: 1141         	addi	sp, sp, -0x10
80200012: e406         	sd	ra, 0x8(sp)
80200014: e022         	sd	s0, 0x0(sp)
80200016: 0800         	addi	s0, sp, 0x10
80200018: 6110         	ld	a2, 0x0(a0)
8020001a: 6514         	ld	a3, 0x8(a0)
8020001c: 872e         	mv	a4, a1
8020001e: 8532         	mv	a0, a2
80200020: 85b6         	mv	a1, a3
80200022: 863a         	mv	a2, a4
80200024: 60a2         	ld	ra, 0x8(sp)
80200026: 6402         	ld	s0, 0x0(sp)
80200028: 0141         	addi	sp, sp, 0x10
8020002a: 00001317     	auipc	t1, 0x1
8020002e: ad230067     	jr	-0x52e(t1) <_ZN42_$LT$str$u20$as$u20$core..fmt..Display$GT$3fmt17h1c6bf3111fb4e387E>

0000000080200032 <_ZN4core3fmt5Write10write_char17hfc4268b26434895fE>:
80200032: 1101         	addi	sp, sp, -0x20
80200034: ec06         	sd	ra, 0x18(sp)
80200036: e822         	sd	s0, 0x10(sp)
80200038: 1000         	addi	s0, sp, 0x20
8020003a: 08000513     	li	a0, 0x80
8020003e: fe042623     	sw	zero, -0x14(s0)
80200042: 00a5f763     	bgeu	a1, a0, 0x80200050 <_ZN4core3fmt5Write10write_char17hfc4268b26434895fE+0x1e>
80200046: fed40613     	addi	a2, s0, -0x13
8020004a: feb40623     	sb	a1, -0x14(s0)
8020004e: a841         	j	0x802000de <_ZN4core3fmt5Write10write_char17hfc4268b26434895fE+0xac>
80200050: 00b5d51b     	srliw	a0, a1, 0xb
80200054: e105         	bnez	a0, 0x80200074 <_ZN4core3fmt5Write10write_char17hfc4268b26434895fE+0x42>
80200056: fee40613     	addi	a2, s0, -0x12
8020005a: 0065d513     	srli	a0, a1, 0x6
8020005e: 0c056513     	ori	a0, a0, 0xc0
80200062: fea40623     	sb	a0, -0x14(s0)
80200066: 03f5f513     	andi	a0, a1, 0x3f
8020006a: 08050513     	addi	a0, a0, 0x80
8020006e: fea406a3     	sb	a0, -0x13(s0)
80200072: a0b5         	j	0x802000de <_ZN4core3fmt5Write10write_char17hfc4268b26434895fE+0xac>
80200074: 0105d51b     	srliw	a0, a1, 0x10
80200078: e51d         	bnez	a0, 0x802000a6 <_ZN4core3fmt5Write10write_char17hfc4268b26434895fE+0x74>
8020007a: fef40613     	addi	a2, s0, -0x11
8020007e: 00c5d513     	srli	a0, a1, 0xc
80200082: 0e056513     	ori	a0, a0, 0xe0
80200086: fea40623     	sb	a0, -0x14(s0)
8020008a: 03459513     	slli	a0, a1, 0x34
8020008e: 9169         	srli	a0, a0, 0x3a
80200090: 08050513     	addi	a0, a0, 0x80
80200094: fea406a3     	sb	a0, -0x13(s0)
80200098: 03f5f513     	andi	a0, a1, 0x3f
8020009c: 08050513     	addi	a0, a0, 0x80
802000a0: fea40723     	sb	a0, -0x12(s0)
802000a4: a82d         	j	0x802000de <_ZN4core3fmt5Write10write_char17hfc4268b26434895fE+0xac>
802000a6: ff040613     	addi	a2, s0, -0x10
802000aa: 0125d513     	srli	a0, a1, 0x12
802000ae: 0f056513     	ori	a0, a0, 0xf0
802000b2: fea40623     	sb	a0, -0x14(s0)
802000b6: 02e59513     	slli	a0, a1, 0x2e
802000ba: 9169         	srli	a0, a0, 0x3a
802000bc: 08050513     	addi	a0, a0, 0x80
802000c0: fea406a3     	sb	a0, -0x13(s0)
802000c4: 03459513     	slli	a0, a1, 0x34
802000c8: 9169         	srli	a0, a0, 0x3a
802000ca: 08050513     	addi	a0, a0, 0x80
802000ce: fea40723     	sb	a0, -0x12(s0)
802000d2: 03f5f513     	andi	a0, a1, 0x3f
802000d6: 08050513     	addi	a0, a0, 0x80
802000da: fea407a3     	sb	a0, -0x11(s0)
802000de: fec40713     	addi	a4, s0, -0x14
802000e2: 0df00293     	li	t0, 0xdf
802000e6: 0f000813     	li	a6, 0xf0
802000ea: 4885         	li	a7, 0x1
802000ec: a031         	j	0x802000f8 <_ZN4core3fmt5Write10write_char17hfc4268b26434895fE+0xc6>
802000ee: 0705         	addi	a4, a4, 0x1
802000f0: 00000073     	ecall
802000f4: 04c70d63     	beq	a4, a2, 0x8020014e <_ZN4core3fmt5Write10write_char17hfc4268b26434895fE+0x11c>
802000f8: 00070683     	lb	a3, 0x0(a4)
802000fc: 0ff6f513     	andi	a0, a3, 0xff
80200100: fe06d7e3     	bgez	a3, 0x802000ee <_ZN4core3fmt5Write10write_char17hfc4268b26434895fE+0xbc>
80200104: 00174683     	lbu	a3, 0x1(a4)
80200108: 01f57793     	andi	a5, a0, 0x1f
8020010c: 03f6f693     	andi	a3, a3, 0x3f
80200110: 02a2f563     	bgeu	t0, a0, 0x8020013a <_ZN4core3fmt5Write10write_char17hfc4268b26434895fE+0x108>
80200114: 00274583     	lbu	a1, 0x2(a4)
80200118: 069a         	slli	a3, a3, 0x6
8020011a: 03f5f593     	andi	a1, a1, 0x3f
8020011e: 8ecd         	or	a3, a3, a1
80200120: 03056263     	bltu	a0, a6, 0x80200144 <_ZN4core3fmt5Write10write_char17hfc4268b26434895fE+0x112>
80200124: 00374503     	lbu	a0, 0x3(a4)
80200128: 0711         	addi	a4, a4, 0x4
8020012a: 17f6         	slli	a5, a5, 0x3d
8020012c: 93ad         	srli	a5, a5, 0x2b
8020012e: 069a         	slli	a3, a3, 0x6
80200130: 03f57513     	andi	a0, a0, 0x3f
80200134: 8d55         	or	a0, a0, a3
80200136: 8d5d         	or	a0, a0, a5
80200138: bf65         	j	0x802000f0 <_ZN4core3fmt5Write10write_char17hfc4268b26434895fE+0xbe>
8020013a: 0709         	addi	a4, a4, 0x2
8020013c: 00679513     	slli	a0, a5, 0x6
80200140: 8d55         	or	a0, a0, a3
80200142: b77d         	j	0x802000f0 <_ZN4core3fmt5Write10write_char17hfc4268b26434895fE+0xbe>
80200144: 070d         	addi	a4, a4, 0x3
80200146: 00c79513     	slli	a0, a5, 0xc
8020014a: 8d55         	or	a0, a0, a3
8020014c: b755         	j	0x802000f0 <_ZN4core3fmt5Write10write_char17hfc4268b26434895fE+0xbe>
8020014e: 4501         	li	a0, 0x0
80200150: 60e2         	ld	ra, 0x18(sp)
80200152: 6442         	ld	s0, 0x10(sp)
80200154: 6105         	addi	sp, sp, 0x20
80200156: 8082         	ret

0000000080200158 <_ZN4core3fmt5Write9write_fmt17h6ef2971f1ba65631E>:
80200158: 1141         	addi	sp, sp, -0x10
8020015a: e406         	sd	ra, 0x8(sp)
8020015c: e022         	sd	s0, 0x0(sp)
8020015e: 0800         	addi	s0, sp, 0x10

0000000080200160 <.Lpcrel_hi1>:
80200160: 00001617     	auipc	a2, 0x1
80200164: ea860613     	addi	a2, a2, -0x158
80200168: 86ae         	mv	a3, a1
8020016a: 85b2         	mv	a1, a2
8020016c: 8636         	mv	a2, a3
8020016e: 60a2         	ld	ra, 0x8(sp)
80200170: 6402         	ld	s0, 0x0(sp)
80200172: 0141         	addi	sp, sp, 0x10
80200174: 00000317     	auipc	t1, 0x0
80200178: 37e30067     	jr	0x37e(t1) <_ZN4core3fmt5write17h0545e85c538fe473E>

000000008020017c <_ZN53_$LT$core..fmt..Error$u20$as$u20$core..fmt..Debug$GT$3fmt17ha32b9d7886ac45e9E>:
8020017c: 1141         	addi	sp, sp, -0x10
8020017e: e406         	sd	ra, 0x8(sp)
80200180: e022         	sd	s0, 0x0(sp)
80200182: 0800         	addi	s0, sp, 0x10

0000000080200184 <.Lpcrel_hi2>:
80200184: 00001517     	auipc	a0, 0x1
80200188: e7c50693     	addi	a3, a0, -0x184
8020018c: 4615         	li	a2, 0x5
8020018e: 852e         	mv	a0, a1
80200190: 85b6         	mv	a1, a3
80200192: 60a2         	ld	ra, 0x8(sp)
80200194: 6402         	ld	s0, 0x0(sp)
80200196: 0141         	addi	sp, sp, 0x10
80200198: 00001317     	auipc	t1, 0x1
8020019c: 94e30067     	jr	-0x6b2(t1) <_ZN57_$LT$core..fmt..Formatter$u20$as$u20$core..fmt..Write$GT$9write_str17h1dc9abc2d2ed6cceE>

00000000802001a0 <_ZN76_$LT$core..panic..panic_info..PanicMessage$u20$as$u20$core..fmt..Display$GT$3fmt17h487e7e1cbe4af329E>:
802001a0: 7139         	addi	sp, sp, -0x40
802001a2: fc06         	sd	ra, 0x38(sp)
802001a4: f822         	sd	s0, 0x30(sp)
802001a6: 0080         	addi	s0, sp, 0x40
802001a8: 6108         	ld	a0, 0x0(a0)
802001aa: 6110         	ld	a2, 0x0(a0)
802001ac: 6514         	ld	a3, 0x8(a0)
802001ae: 6918         	ld	a4, 0x10(a0)
802001b0: fcc43023     	sd	a2, -0x40(s0)
802001b4: fcd43423     	sd	a3, -0x38(s0)
802001b8: fce43823     	sd	a4, -0x30(s0)
802001bc: 6d10         	ld	a2, 0x18(a0)
802001be: 71114         	ld	a3, 0x20(a0)
802001c0: 7518         	ld	a4, 0x28(a0)
802001c2: 7988         	ld	a0, 0x30(a1)
802001c4: 7d8c         	ld	a1, 0x38(a1)
802001c6: fcc43c23     	sd	a2, -0x28(s0)
802001ca: fed43023     	sd	a3, -0x20(s0)
802001ce: fee43423     	sd	a4, -0x18(s0)
802001d2: fc040613     	addi	a2, s0, -0x40
802001d6: 00000097     	auipc	ra, 0x0
802001da: 31c080e7     	jalr	0x31c(ra) <_ZN4core3fmt5write17h0545e85c538fe473E>
802001de: 70e2         	ld	ra, 0x38(sp)
802001e0: 7442         	ld	s0, 0x30(sp)
802001e2: 6121         	addi	sp, sp, 0x40
802001e4: 8082         	ret

0000000080200e6 <rust_begin_unwind>:
802001e6: 7175         	addi	sp, sp, -0x90
802001e8: e506         	sd	ra, 0x88(sp)
802001ea: e122         	sd	s0, 0x80(sp)
802001ec: 0900         	addi	s0, sp, 0x90
802001ee: 650c         	ld	a1, 0x8(a0)
802001f0: 6190         	ld	a2, 0x0(a1)
802001f2: 6594         	ld	a3, 0x8(a1)
802001f4: 498c         	lw	a1, 0x10(a1)
802001f6: 6108         	ld	a0, 0x0(a0)
802001f8: fcc43823     	sd	a2, -0x30(s0)
802001fc: fcd43c23     	sd	a3, -0x28(s0)
80200200: feb42223     	sw	a1, -0x1c(s0)
80200204: fea43423     	sd	a0, -0x18(s0)
80200208: fd040513     	addi	a0, s0, -0x30
8020020c: faa43023     	sd	a0, -0x60(s0)

0000000080200210 <.Lpcrel_hi3>:
80200210: 00000517     	auipc	a0, 0x0
80200214: e0050513     	addi	a0, a0, -0x200
80200218: faa43423     	sd	a0, -0x58(s0)
8020021c: fe440513     	addi	a0, s0, -0x1c
80200220: faa43823     	sd	a0, -0x50(s0)

0000000080200224 <.Lpcrel_hi4>:
80200224: 00001517     	auipc	a0, 0x1
80200228: aa050513     	addi	a0, a0, -0x560
8020022c: faa43c23     	sd	a0, -0x48(s0)
80200230: fe840513     	addi	a0, s0, -0x18
80200234: fca43023     	sd	a0, -0x40(s0)

0000000080200238 <.Lpcrel_hi5>:
80200238: 00000517     	auipc	a0, 0x0
8020023c: f6850513     	addi	a0, a0, -0x98
80200240: fca43423     	sd	a0, -0x38(s0)

0000000080200244 <.Lpcrel_hi6>:
80200244: 00001517     	auipc	a0, 0x1
80200248: e0450513     	addi	a0, a0, -0x1fc
8020024c: f6a43823     	sd	a0, -0x90(s0)
80200250: 4511         	li	a0, 0x4
80200252: f6a43c23     	sd	a0, -0x88(s0)
80200256: f8043823     	sd	zero, -0x70(s0)
8020025a: fa040513     	addi	a0, s0, -0x60
8020025e: f8a43023     	sd	a0, -0x80(s0)
80200262: 450d         	li	a0, 0x3
80200264: f8a43423     	sd	a0, -0x78(s0)
80200268: f7040513     	addi	a0, s0, -0x90
8020026c: 00000097     	auipc	ra, 0x0
80200270: 0c8080e7     	jalr	0xc8(ra) <_ZN2os7console5print17hff56c9dd4c0cbcdeE>
80200274: 00000097     	auipc	ra, 0x0
80200278: 008080e7     	jalr	0x8(ra) <_ZN2os3sbi8shutdown17h2daae2982a335e12E>

000000008020027c <_ZN2os3sbi8shutdown17h2daae2982a335e12E>:
8020027c: 1141         	addi	sp, sp, -0x10
8020027e: e406         	sd	ra, 0x8(sp)
80200280: e022         	sd	s0, 0x0(sp)
80200282: 0800         	addi	s0, sp, 0x10
80200284: 53525537     	lui	a0, 0x53525
80200288: 3545089b     	addiw	a7, a0, 0x354
8020028c: 4585         	li	a1, 0x1
8020028e: 4801         	li	a6, 0x0
80200290: 4501         	li	a0, 0x0
80200292: 00000073     	ecall

0000000080200296 <.Lpcrel_hi7>:
80200296: 00001517     	auipc	a0, 0x1
8020029a: df250513     	addi	a0, a0, -0x20e

000000008020029e <.Lpcrel_hi8>:
8020029e: 00001597     	auipc	a1, 0x1
802002a2: e2258613     	addi	a2, a1, -0x1de
802002a6: 02800593     	li	a1, 0x28
802002aa: 00000097     	auipc	ra, 0x0
802002ae: 19e080e7     	jalr	0x19e(ra) <_ZN4core9panicking5panic17hc74596b0f69bcd0aE>

00000000802002b2 <_ZN56_$LT$os..console..Stdout$u20$as$u20$core..fmt..Write$GT$9write_str17h5714bd20546ee0ecE>:
802002b2: ce3d         	beqz	a2, 0x80200330 <_ZN56_$LT$os..console..Stdout$u20$as$u20$core..fmt..Write$GT$9write_str17h5714bd20546ee0ecE+0x7e>
802002b4: 1141         	addi	sp, sp, -0x10
802002b6: e406         	sd	ra, 0x8(sp)
802002b8: e022         	sd	s0, 0x0(sp)
802002ba: 0800         	addi	s0, sp, 0x10
802002bc: 962e         	add	a2, a2, a1
802002be: 0df00293     	li	t0, 0xdf
802002c2: 0f000813     	li	a6, 0xf0
802002c6: 4885         	li	a7, 0x1
802002c8: a031         	j	0x802002d4 <_ZN56_$LT$os..console..Stdout$u20$as$u20$core..fmt..Write$GT$9write_str17h5714bd20546ee0ecE+0x22>
802002ca: 0585         	addi	a1, a1, 0x1
802002cc: 00000073     	ecall
802002d0: 04c58d63     	beq	a1, a2, 0x8020032a <_ZN56_$LT$os..console..Stdout$u20$as$u20$core..fmt..Write$GT$9write_str17h5714bd20546ee0ecE+0x78>
802002d4: 00058703     	lb	a4, 0x0(a1)
802002d8: 0ff77513     	andi	a0, a4, 0xff
802002dc: fe0757e3     	bgez	a4, 0x802002ca <_ZN56_$LT$os..console..Stdout$u20$as$u20$core..fmt..Write$GT$9write_str17h5714bd20546ee0ecE+0x18>
802002e0: 0015c703     	lbu	a4, 0x1(a1)
802002e4: 01f57793     	andi	a5, a0, 0x1f
802002e8: 03f77713     	andi	a4, a4, 0x3f
802002ec: 02a2f563     	bgeu	t0, a0, 0x80200316 <_ZN56_$LT$os..console..Stdout$u20$as$u20$core..fmt..Write$GT$9write_str17h5714bd20546ee0ecE+0x64>
802002f0: 0025c683     	lbu	a3, 0x2(a1)
802002f4: 071a         	slli	a4, a4, 0x6
802002f6: 03f6f693     	andi	a3, a3, 0x3f
802002fa: 8f55         	or	a4, a4, a3
802002fc: 03056263     	bltu	a0, a6, 0x80200320 <_ZN56_$LT$os..console..Stdout$u20$as$u20$core..fmt..Write$GT$9write_str17h5714bd20546ee0ecE+0x6e>
80200300: 0035c503     	lbu	a0, 0x3(a1)
80200304: 0591         	addi	a1, a1, 0x4
80200306: 17f6         	slli	a5, a5, 0x3d
80200308: 93ad         	srli	a5, a5, 0x2b
8020030a: 071a         	slli	a4, a4, 0x6
8020030c: 03f57513     	andi	a0, a0, 0x3f
80200310: 8d59         	or	a0, a0, a4
80200312: 8d5d         	or	a0, a0, a5
80200314: bf65         	j	0x802002cc <_ZN56_$LT$os..console..Stdout$u20$as$u20$core..fmt..Write$GT$9write_str17h5714bd20546ee0ecE+0x1a>
80200316: 0589         	addi	a1, a1, 0x2
80200318: 00679513     	slli	a0, a5, 0x6
8020031c: 8d59         	or	a0, a0, a4
8020031e: b77d         	j	0x802002cc <_ZN56_$LT$os..console..Stdout$u20$as$u20$core..fmt..Write$GT$9write_str17h5714bd20546ee0ecE+0x1a>
80200320: 058d         	addi	a1, a1, 0x3
80200322: 00c79513     	slli	a0, a5, 0xc
80200326: 8d59         	or	a0, a0, a4
80200328: b755         	j	0x802002cc <_ZN56_$LT$os..console..Stdout$u20$as$u20$core..fmt..Write$GT$9write_str17h5714bd20546ee0ecE+0x1a>
8020032a: 60a2         	ld	ra, 0x8(sp)
8020032c: 6402         	ld	s0, 0x0(sp)
8020032e: 0141         	addi	sp, sp, 0x10
80200330: 4501         	li	a0, 0x0
80200332: 8082         	ret

0000000080200334 <_ZN2os7console5print17hff56c9dd4c0cbcdeE>:
80200334: 1101         	addi	sp, sp, -0x20
80200336: ec06         	sd	ra, 0x18(sp)
80200338: e822         	sd	s0, 0x10(sp)
8020033a: 1000         	addi	s0, sp, 0x20
8020033c: 862a         	mv	a2, a0

000000008020033e <.Lpcrel_hi9>:
8020033e: 00001517     	auipc	a0, 0x1
80200342: cca50593     	addi	a1, a0, -0x336
80200346: fef40513     	addi	a0, s0, -0x11
8020034a: 00000097     	auipc	ra, 0x0
8020034e: 1a8080e7     	jalr	0x1a8(ra) <_ZN4core3fmt5write17h0545e85c538fe473E>
80200352: e509         	bnez	a0, 0x8020035c <.Lpcrel_hi10>
80200354: 60e2         	ld	ra, 0x18(sp)
80200356: 6442         	ld	s0, 0x10(sp)
80200358: 6105         	addi	sp, sp, 0x20
8020035a: 8082         	ret

000000008020035c <.Lpcrel_hi10>:
8020035c: 00001517     	auipc	a0, 0x1
80200360: d9c50513     	addi	a0, a0, -0x264

0000000080200364 <.Lpcrel_hi11>:
80200364: 00001597     	auipc	a1, 0x1
80200368: d7458693     	addi	a3, a1, -0x28c

000000008020036c <.Lpcrel_hi12>:
8020036c: 00001597     	auipc	a1, 0x1
80200370: dcc58713     	addi	a4, a1, -0x234
80200374: 02b00593     	li	a1, 0x2b
80200378: fef40613     	addi	a2, s0, -0x11
8020037c: 00000097     	auipc	ra, 0x0
80200380: 106080e7     	jalr	0x106(ra) <_ZN4core6result13unwrap_failed17h29324abbdc95674dE>

0000000080200384 <rust_main>:
80200384: 715d         	addi	sp, sp, -0x50
80200386: e486         	sd	ra, 0x48(sp)
80200388: e0a2         	sd	s0, 0x40(sp)
8020038a: fc26         	sd	s1, 0x38(sp)
8020038c: f84a         	sd	s2, 0x30(sp)
8020038e: 0880         	addi	s0, sp, 0x50
80200390: 00000097     	auipc	ra, 0x0
80200394: 064080e7     	jalr	0x64(ra) <_ZN2os9clear_bss17he804aac9f8b1ed2eE>

0000000080200398 <.Lpcrel_hi13>:
80200398: 00001517     	auipc	a0, 0x1
8020039c: dc850513     	addi	a0, a0, -0x238
802003a0: faa43823     	sd	a0, -0x50(s0)
802003a4: 4905         	li	s2, 0x1
802003a6: fb243c23     	sd	s2, -0x48(s0)
802003aa: fc043823     	sd	zero, -0x30(s0)
802003ae: 44a1         	li	s1, 0x8
802003b0: fc943023     	sd	s1, -0x40(s0)
802003b4: fc043423     	sd	zero, -0x38(s0)
802003b8: fb040513     	addi	a0, s0, -0x50
802003bc: 00000097     	auipc	ra, 0x0
802003c0: f78080e7     	jalr	-0x88(ra) <_ZN2os7console5print17hff56c9dd4c0cbcdeE>

00000000802003c4 <.Lpcrel_hi14>:
802003c4: 00001517     	auipc	a0, 0x1
802003c8: dc450513     	addi	a0, a0, -0x23c
802003cc: faa43823     	sd	a0, -0x50(s0)
802003d0: fb243c23     	sd	s2, -0x48(s0)
802003d4: fc043823     	sd	zero, -0x30(s0)
802003d8: fc943023     	sd	s1, -0x40(s0)
802003dc: fc043423     	sd	zero, -0x38(s0)

00000000802003e0 <.Lpcrel_hi15>:
802003e0: 00001517     	auipc	a0, 0x1
802003e4: dc850593     	addi	a1, a0, -0x238
802003e8: fb040513     	addi	a0, s0, -0x50
802003ec: 00000097     	auipc	ra, 0x0
802003f0: 03a080e7     	jalr	0x3a(ra) <_ZN4core9panicking9panic_fmt17hc3d875fe2140aa6eE>

00000000802003f4 <_ZN2os9clear_bss17he804aac9f8b1ed2eE>:
802003f4: 00012517     	auipc	a0, 0x12
802003f8: c0c50513     	addi	a0, a0, -0x3f4

00000000802003fc <.Lpcrel_hi17>:
802003fc: 00012597     	auipc	a1, 0x12
80200400: c0458593     	addi	a1, a1, -0x3fc
80200404: 02a5f063     	bgeu	a1, a0, 0x80200424 <.Lpcrel_hi17+0x28>
80200408: 1141         	addi	sp, sp, -0x10
8020040a: e406         	sd	ra, 0x8(sp)
8020040c: e022         	sd	s0, 0x0(sp)
8020040e: 0800         	addi	s0, sp, 0x10
80200410: 00158613     	addi	a2, a1, 0x1
80200414: 00058023     	sb	zero, 0x0(a1)
80200418: 85b2         	mv	a1, a2
8020041a: fec51be3     	bne	a0, a2, 0x80200410 <.Lpcrel_hi17+0x14>
8020041e: 60a2         	ld	ra, 0x8(sp)
80200420: 6402         	ld	s0, 0x0(sp)
80200422: 0141         	addi	sp, sp, 0x10
80200424: 8082         	ret

0000000080200426 <_ZN4core9panicking9panic_fmt17hc3d875fe2140aa6eE>:
80200426: 7179         	addi	sp, sp, -0x30
80200428: f406         	sd	ra, 0x28(sp)
8020042a: f022         	sd	s0, 0x20(sp)
8020042c: 1800         	addi	s0, sp, 0x30
8020042e: fca43c23     	sd	a0, -0x28(s0)
80200432: feb43023     	sd	a1, -0x20(s0)
80200436: 4505         	li	a0, 0x1
80200438: fea41423     	sh	a0, -0x18(s0)
8020043c: fd840513     	addi	a0, s0, -0x28
80200440: 00000097     	auipc	ra, 0x0
80200444: da6080e7     	jalr	-0x25a(ra) <rust_begin_unwind>

0000000080200448 <_ZN4core9panicking5panic17hc74596b0f69bcd0aE>:
80200448: 715d         	addi	sp, sp, -0x50
8020044a: e486         	sd	ra, 0x48(sp)
8020044c: e0a2         	sd	s0, 0x40(sp)
8020044e: 0880         	addi	s0, sp, 0x50
80200450: fea43023     	sd	a0, -0x20(s0)
80200454: feb43423     	sd	a1, -0x18(s0)
80200458: fe040513     	addi	a0, s0, -0x20
8020045c: faa43823     	sd	a0, -0x50(s0)
80200460: 4505         	li	a0, 0x1
80200462: faa43c23     	sd	a0, -0x48(s0)
80200466: fc043823     	sd	zero, -0x30(s0)
8020046a: 4521         	li	a0, 0x8
8020046c: fca43023     	sd	a0, -0x40(s0)
80200470: fc043423     	sd	zero, -0x38(s0)
80200474: fb040513     	addi	a0, s0, -0x50
80200478: 85b2         	mv	a1, a2
8020047a: 00000097     	auipc	ra, 0x0
8020047e: fac080e7     	jalr	-0x54(ra) <_ZN4core9panicking9panic_fmt17hc3d875fe2140aa6eE>

0000000080200482 <_ZN4core6result13unwrap_failed17h29324abbdc95674dE>:
80200482: 7119         	addi	sp, sp, -0x80
80200484: fc86         	sd	ra, 0x78(sp)
80200486: f8a2         	sd	s0, 0x70(sp)
80200488: 0100         	addi	s0, sp, 0x80
8020048a: f8a43023     	sd	a0, -0x80(s0)
8020048e: f8b43423     	sd	a1, -0x78(s0)
80200492: f8c43823     	sd	a2, -0x70(s0)
80200496: f8d43c23     	sd	a3, -0x68(s0)
8020049a: f8040513     	addi	a0, s0, -0x80
8020049e: fca43823     	sd	a0, -0x30(s0)

00000000802004a2 <.Lpcrel_hi365>:
802004a2: 00001517     	auipc	a0, 0x1
802004a6: 9b650513     	addi	a0, a0, -0x64a
802004aa: fca43c23     	sd	a0, -0x28(s0)
802004ae: f9040513     	addi	a0, s0, -0x70
802004b2: fea43023     	sd	a0, -0x20(s0)

00000000802004b6 <.Lpcrel_hi366>:
802004b6: 00001517     	auipc	a0, 0x1
802004ba: 98c50513     	addi	a0, a0, -0x674
802004be: fea43423     	sd	a0, -0x18(s0)

00000000802004c2 <.Lpcrel_hi367>:
802004c2: 00001517     	auipc	a0, 0x1
802004c6: d0650513     	addi	a0, a0, -0x2fa
802004ca: faa43023     	sd	a0, -0x60(s0)
802004ce: 4509         	li	a0, 0x2
802004d0: faa43423     	sd	a0, -0x58(s0)
802004d4: fc043023     	sd	zero, -0x40(s0)
802004d8: fd040593     	addi	a1, s0, -0x30
802004dc: fab43823     	sd	a1, -0x50(s0)
802004e0: faa43c23     	sd	a0, -0x48(s0)
802004e4: fa040513     	addi	a0, s0, -0x60
802004e8: 85ba         	mv	a1, a4
802004ea: 00000097     	auipc	ra, 0x0
802004ee: f3c080e7     	jalr	-0xc4(ra) <_ZN4core9panicking9panic_fmt17hc3d875fe2140aa6eE>

00000000802004f2 <_ZN4core3fmt5write17h0545e85c538fe473E>:
802004f2: 7175         	addi	sp, sp, -0x90
802004f4: e506         	sd	ra, 0x88(sp)
802004f6: e122         	sd	s0, 0x80(sp)
802004f8: fca6         	sd	s1, 0x78(sp)
802004fa: f8ca         	sd	s2, 0x70(sp)
802004fc: f4ce         	sd	s3, 0x68(sp)
802004fe: f0d2         	sd	s4, 0x60(sp)
80200500: ecd6         	sd	s5, 0x58(sp)
80200502: e8da         	sd	s6, 0x50(sp)
80200504: e4de         	sd	s7, 0x48(sp)
80200506: e0e2         	sd	s8, 0x40(sp)
80200508: 0900         	addi	s0, sp, 0x90
8020050a: 89b2         	mv	s3, a2
8020050c: f6043823     	sd	zero, -0x90(s0)
80200510: f8043023     	sd	zero, -0x80(s0)
80200514: 02000613     	li	a2, 0x20
80200518: f8c43823     	sd	a2, -0x70(s0)
8020051c: 0209b483     	ld	s1, 0x20(s3)
80200520: 460d         	li	a2, 0x3
80200522: f8c40c23     	sb	a2, -0x68(s0)
80200526: faa43023     	sd	a0, -0x60(s0)
8020052a: fab43423     	sd	a1, -0x58(s0)
8020052e: cce1         	beqz	s1, 0x80200606 <_ZN4core3fmt5write17h0545e85c538fe473E+0x114>
80200530: 0289b503     	ld	a0, 0x28(s3)
80200534: 12050463     	beqz	a0, 0x8020065c <_ZN4core3fmt5write17h0545e85c538fe473E+0x16a>
80200538: 0009bb03     	ld	s6, 0x0(s3)
8020053c: 0109ba03     	ld	s4, 0x10(s3)
80200540: fff50593     	addi	a1, a0, -0x1
80200544: 058e         	slli	a1, a1, 0x3
80200546: 818d         	srli	a1, a1, 0x3
80200548: 00158913     	addi	s2, a1, 0x1
8020054c: 0b21         	addi	s6, s6, 0x8
8020054e: 00351593     	slli	a1, a0, 0x3
80200552: 051a         	slli	a0, a0, 0x6
80200554: 40b50ab3     	sub	s5, a0, a1
80200558: 04e1         	addi	s1, s1, 0x18
8020055a: 4b89         	li	s7, 0x2
8020055c: 4c05         	li	s8, 0x1
8020055e: 000b3603     	ld	a2, 0x0(s6)
80200562: ca19         	beqz	a2, 0x80200578 <_ZN4core3fmt5write17h0545e85c538fe473E+0x86>
80200564: fa843683     	ld	a3, -0x58(s0)
80200568: fa043503     	ld	a0, -0x60(s0)
8020056c: ff8b3583     	ld	a1, -0x8(s6)
80200570: 6e94         	ld	a3, 0x18(a3)
80200572: 9682         	jalr	a3
80200574: 10051863     	bnez	a0, 0x80200684 <_ZN4core3fmt5write17h0545e85c538fe473E+0x192>
80200578: 6888         	ld	a0, 0x10(s1)
8020057a: f8a43823     	sd	a0, -0x70(s0)
8020057e: 0184c603     	lbu	a2, 0x18(s1)
80200582: ff84b583     	ld	a1, -0x8(s1)
80200586: 6088         	ld	a0, 0x0(s1)
80200588: f8c40c23     	sb	a2, -0x68(s0)
8020058c: c18d         	beqz	a1, 0x802005ae <_ZN4core3fmt5write17h0545e85c538fe473E+0xbc>
8020058e: 01859663     	bne	a1, s8, 0x8020059a <_ZN4core3fmt5write17h0545e85c538fe473E+0xa8>
80200592: 0512         	slli	a0, a0, 0x4
80200594: 9552         	add	a0, a0, s4
80200596: 610c         	ld	a1, 0x0(a0)
80200598: c991         	beqz	a1, 0x802005ac <_ZN4core3fmt5write17h0545e85c538fe473E+0xba>
8020059a: fe84b603     	ld	a2, -0x18(s1)
8020059e: f6043823     	sd	zero, -0x90(s0)
802005a2: f6a43c23     	sd	a0, -0x88(s0)
802005a6: 01761d63     	bne	a2, s7, 0x802005c0 <_ZN4core3fmt5write17h0545e85c538fe473E+0xce>
802005aa: a025         	j	0x802005d2 <_ZN4core3fmt5write17h0545e85c538fe473E+0xe0>
802005ac: 6508         	ld	a0, 0x8(a0)
802005ae: 4585         	li	a1, 0x1
802005b0: fe84b603     	ld	a2, -0x18(s1)
802005b4: f6b43823     	sd	a1, -0x90(s0)
802005b8: f6a43c23     	sd	a0, -0x88(s0)
802005bc: 01760b63     	beq	a2, s7, 0x802005d2 <_ZN4core3fmt5write17h0545e85c538fe473E+0xe0>
802005c0: ff04b583     	ld	a1, -0x10(s1)
802005c4: 01861a63     	bne	a2, s8, 0x802005d8 <_ZN4core3fmt5write17h0545e85c538fe473E+0xe6>
802005c8: 00459513     	slli	a0, a1, 0x4
802005cc: 9552         	add	a0, a0, s4
802005ce: 610c         	ld	a1, 0x0(a0)
802005d0: c199         	beqz	a1, 0x802005d6 <_ZN4core3fmt5write17h0545e85c538fe473E+0xe4>
802005d2: 4601         	li	a2, 0x0
802005d4: a019         	j	0x802005da <_ZN4core3fmt5write17h0545e85c538fe473E+0xe8>
802005d6: 650c         	ld	a1, 0x8(a0)
802005d8: 4605         	li	a2, 0x1
802005da: 6488         	ld	a0, 0x8(s1)
802005dc: 0512         	slli	a0, a0, 0x4
802005de: 00aa06b3     	add	a3, s4, a0
802005e2: 6288         	ld	a0, 0x0(a3)
802005e4: 6694         	ld	a3, 0x8(a3)
802005e6: f8c43023     	sd	a2, -0x80(s0)
802005ea: f8b43423     	sd	a1, -0x78(s0)
802005ee: f7040593     	addi	a1, s0, -0x90
802005f2: 9682         	jalr	a3
802005f4: e941         	bnez	a0, 0x80200684 <_ZN4core3fmt5write17h0545e85c538fe473E+0x192>
802005f6: 0b41         	addi	s6, s6, 0x10
802005f8: fc8a8a93     	addi	s5, s5, -0x38
802005fc: 03848493     	addi	s1, s1, 0x38
80200600: f40a9fe3     	bnez	s5, 0x8020055e <_ZN4core3fmt5write17h0545e85c538fe473E+0x6c>
80200604: a0b9         	j	0x80200652 <_ZN4core3fmt5write17h0545e85c538fe473E+0x160>
80200606: 0189b503     	ld	a0, 0x18(s3)
8020060a: c929         	beqz	a0, 0x8020065c <_ZN4core3fmt5write17h0545e85c538fe473E+0x16a>
8020060c: 0109b483     	ld	s1, 0x10(s3)
80200610: 00451a13     	slli	s4, a0, 0x4
80200614: 9a26         	add	s4, s4, s1
80200616: 0009ba83     	ld	s5, 0x0(s3)
8020061a: 157d         	addi	a0, a0, -0x1
8020061c: 0512         	slli	a0, a0, 0x4
8020061e: 8111         	srli	a0, a0, 0x4
80200620: 00150913     	addi	s2, a0, 0x1
80200624: 0aa1         	addi	s5, s5, 0x8
80200626: 000ab603     	ld	a2, 0x0(s5)
8020062a: ca11         	beqz	a2, 0x8020063e <_ZN4core3fmt5write17h0545e85c538fe473E+0x14c>
8020062c: fa843683     	ld	a3, -0x58(s0)
80200630: fa043503     	ld	a0, -0x60(s0)
80200634: ff8ab583     	ld	a1, -0x8(s5)
80200638: 6e94         	ld	a3, 0x18(a3)
8020063a: 9682         	jalr	a3
8020063c: e521         	bnez	a0, 0x80200684 <_ZN4core3fmt5write17h0545e85c538fe473E+0x192>
8020063e: 6088         	ld	a0, 0x0(s1)
80200640: 6490         	ld	a2, 0x8(s1)
80200642: f7040593     	addi	a1, s0, -0x90
80200646: 9602         	jalr	a2
80200648: ed15         	bnez	a0, 0x80200684 <_ZN4core3fmt5write17h0545e85c538fe473E+0x192>
8020064a: 04c1         	addi	s1, s1, 0x10
8020064c: 0ac1         	addi	s5, s5, 0x10
8020064e: fd449ce3     	bne	s1, s4, 0x80200626 <_ZN4core3fmt5write17h0545e85c538fe473E+0x134>
80200652: 0089b503     	ld	a0, 0x8(s3)
80200656: 00a96863     	bltu	s2, a0, 0x80200666 <_ZN4core3fmt5write17h0545e85c538fe473E+0x174>
8020065a: a03d         	j	0x80200688 <_ZN4core3fmt5write17h0545e85c538fe473E+0x196>
8020065c: 4901         	li	s2, 0x0
8020065e: 0089b503     	ld	a0, 0x8(s3)
80200662: 02a07363     	bgeu	zero, a0, 0x80200688 <_ZN4core3fmt5write17h0545e85c538fe473E+0x196>
80200666: 0009b503     	ld	a0, 0x0(s3)
8020066a: 0912         	slli	s2, s2, 0x4
8020066c: 992a         	add	s2, s2, a0
8020066e: fa843683     	ld	a3, -0x58(s0)
80200672: fa043503     	ld	a0, -0x60(s0)
80200676: 00093583     	ld	a1, 0x0(s2)
8020067a: 00893603     	ld	a2, 0x8(s2)
8020067e: 6e94         	ld	a3, 0x18(a3)
80200680: 9682         	jalr	a3
80200682: c119         	beqz	a0, 0x80200688 <_ZN4core3fmt5write17h0545e85c538fe473E+0x196>
80200684: 4505         	li	a0, 0x1
80200686: a011         	j	0x8020068a <_ZN4core3fmt5write17h0545e85c538fe473E+0x198>
80200688: 4501         	li	a0, 0x0
8020068a: 60aa         	ld	ra, 0x88(sp)
8020068c: 640a         	ld	s0, 0x80(sp)
8020068e: 74e6         	ld	s1, 0x78(sp)
80200690: 7946         	ld	s2, 0x70(sp)
80200692: 79a6         	ld	s3, 0x68(sp)
80200694: 7a06         	ld	s4, 0x60(sp)
80200696: 6ae6         	ld	s5, 0x58(sp)
80200698: 6b46         	ld	s6, 0x50(sp)
8020069a: 6ba6         	ld	s7, 0x48(sp)
8020069c: 6c06         	ld	s8, 0x40(sp)
8020069e: 6149         	addi	sp, sp, 0x90
802006a0: 8082         	ret

00000000802006a2 <_ZN4core3fmt9Formatter12pad_integral17h08eddc1554efab46E>:
802006a2: 7159         	addi	sp, sp, -0x70
802006a4: f486         	sd	ra, 0x68(sp)
802006a6: f0a2         	sd	s0, 0x60(sp)
802006a8: eca6         	sd	s1, 0x58(sp)
802006aa: e8ca         	sd	s2, 0x50(sp)
802006ac: e4ce         	sd	s3, 0x48(sp)
802006ae: e0d2         	sd	s4, 0x40(sp)
802006b0: fc56         	sd	s5, 0x38(sp)
802006b2: f85a         	sd	s6, 0x30(sp)
802006b4: f45e         	sd	s7, 0x28(sp)
802006b6: f062         	sd	s8, 0x20(sp)
802006b8: ec66         	sd	s9, 0x18(sp)
802006ba: e86a         	sd	s10, 0x10(sp)
802006bc: e46e         	sd	s11, 0x8(sp)
802006be: 1880         	addi	s0, sp, 0x70
802006c0: 89be         	mv	s3, a5
802006c2: 893a         	mv	s2, a4
802006c4: 8a36         	mv	s4, a3
802006c6: 8b32         	mv	s6, a2
802006c8: c5b9         	beqz	a1, 0x80200716 <_ZN4core3fmt9Formatter12pad_integral17h08eddc1554efab46E+0x74>
802006ca: 02456483     	lwu	s1, 0x24(a0)
802006ce: 0014fc13     	andi	s8, s1, 0x1
802006d2: 00110ab7     	lui	s5, 0x110
802006d6: 000c0463     	beqz	s8, 0x802006de <_ZN4core3fmt9Formatter12pad_integral17h08eddc1554efab46E+0x3c>
802006da: 02b00a93     	li	s5, 0x2b
802006de: 9c4e         	add	s8, s8, s3
802006e0: 0044f593     	andi	a1, s1, 0x4
802006e4: c1a9         	beqz	a1, 0x80200726 <_ZN4core3fmt9Formatter12pad_integral17h08eddc1554efab46E+0x84>
802006e6: 02000593     	li	a1, 0x20
802006ea: 04ba7263     	bgeu	s4, a1, 0x8020072e <_ZN4core3fmt9Formatter12pad_integral17h08eddc1554efab46E+0x8c>
802006ee: 4581         	li	a1, 0x0
802006f0: 000a0f63     	beqz	s4, 0x8020070e <_ZN4core3fmt9Formatter12pad_integral17h08eddc1554efab46E+0x6c>
802006f4: 014b0633     	add	a2, s6, s4
802006f8: 86da         	mv	a3, s6
802006fa: 00068703     	lb	a4, 0x0(a3)
802006fe: fc072713     	slti	a4, a4, -0x40
80200702: 00174713     	xori	a4, a4, 0x1
80200706: 0685         	addi	a3, a3, 0x1
80200708: 95ba         	add	a1, a1, a4
8020070a: fec698e3     	bne	a3, a2, 0x802006fa <_ZN4core3fmt9Formatter12pad_integral17h08eddc1554efab46E+0x58>
8020070e: 9c2e         	add	s8, s8, a1
80200710: 610c         	ld	a1, 0x0(a0)
80200712: c1a5         	beqz	a1, 0x80200772 <_ZN4core3fmt9Formatter12pad_integral17h08eddc1554efab46E+0xd0>
80200714: a815         	j	0x80200748 <_ZN4core3fmt9Formatter12pad_integral17h08eddc1554efab46E+0xa6>
80200716: 5144         	lw	s1, 0x24(a0)
80200718: 00198c13     	addi	s8, s3, 0x1
8020071c: 02d00a93     	li	s5, 0x2d
80200720: 0044f593     	andi	a1, s1, 0x4
80200724: f1e9         	bnez	a1, 0x802006e6 <_ZN4core3fmt9Formatter12pad_integral17h08eddc1554efab46E+0x44>
80200726: 4b01         	li	s6, 0x0
80200728: 610c         	ld	a1, 0x0(a0)
8020072a: ed99         	bnez	a1, 0x80200748 <_ZN4core3fmt9Formatter12pad_integral17h08eddc1554efab46E+0xa6>
8020072c: a099         	j	0x80200772 <_ZN4core3fmt9Formatter12pad_integral17h08eddc1554efab46E+0xd0>
8020072e: 8baa         	mv	s7, a0
80200730: 855a         	mv	a0, s6
80200732: 85d2         	mv	a1, s4
80200734: 00000097     	auipc	ra, 0x0
80200738: 3e6080e7     	jalr	0x3e6(ra) <_ZN4core3str5count14do_count_chars17h10048e06a3c8ed6aE>
8020073c: 85aa         	mv	a1, a0
8020073e: 855e         	mv	a0, s7
80200740: 9c2e         	add	s8, s8, a1
80200742: 000bb583     	ld	a1, 0x0(s7)
80200746: c595         	beqz	a1, 0x80200772 <_ZN4core3fmt9Formatter12pad_integral17h08eddc1554efab46E+0xd0>
80200748: 00853c83     	ld	s9, 0x8(a0)
8020074c: 039c7363     	bgeu	s8, s9, 0x80200772 <_ZN4core3fmt9Formatter12pad_integral17h08eddc1554efab46E+0xd0>
80200750: 88a1         	andi	s1, s1, 0x8
80200752: e0b5         	bnez	s1, 0x802007b6 <_ZN4core3fmt9Formatter12pad_integral17h08eddc1554efab46E+0x114>
80200754: 02854583     	lbu	a1, 0x28(a0)
80200758: 460d         	li	a2, 0x3
8020075a: 00c59363     	bne	a1, a2, 0x80200760 <_ZN4core3fmt9Formatter12pad_integral17h08eddc1554efab46E+0xbe>
8020075e: 4585         	li	a1, 0x1
80200760: 418c8cb3     	sub	s9, s9, s8
80200764: c5d5         	beqz	a1, 0x80200810 <_ZN4core3fmt9Formatter12pad_integral17h08eddc1554efab46E+0x16e>
80200766: 4605         	li	a2, 0x1
80200768: 08c59f63     	bne	a1, a2, 0x80200806 <_ZN4core3fmt9Formatter12pad_integral17h08eddc1554efab46E+0x164>
8020076c: 85e6         	mv	a1, s9
8020076e: 4c81         	li	s9, 0x0
80200770: a045         	j	0x80200810 <_ZN4core3fmt9Formatter12pad_integral17h08eddc1554efab46E+0x16e>
80200772: 03053b83     	ld	s7, 0x30(a0)
80200776: 7d04         	ld	s1, 0x38(a0)
80200778: 855e         	mv	a0, s7
8020077a: 85a6         	mv	a1, s1
8020077c: 8656         	mv	a2, s5
8020077e: 86da         	mv	a3, s6
80200780: 8752         	mv	a4, s4
80200782: 00000097     	auipc	ra, 0x0
80200786: 144080e7     	jalr	0x144(ra) <_ZN4core3fmt9Formatter12pad_integral12write_prefix17hb7935c8ee3f8b327E>
8020078a: 85aa         	mv	a1, a0
8020078c: 4505         	li	a0, 0x1
8020078e: e1d5         	bnez	a1, 0x80200832 <_ZN4core3fmt9Formatter12pad_integral17h08eddc1554efab46E+0x190>
80200790: 6c9c         	ld	a5, 0x18(s1)
80200792: 855e         	mv	a0, s7
80200794: 85ca         	mv	a1, s2
80200796: 864e         	mv	a2, s3
80200798: 70a6         	ld	ra, 0x68(sp)
8020079a: 7406         	ld	s0, 0x60(sp)
8020079c: 64e6         	ld	s1, 0x58(sp)
8020079e: 6946         	ld	s2, 0x50(sp)
802007a0: 69a6         	ld	s3, 0x48(sp)
802007a2: 6a06         	ld	s4, 0x40(sp)
802007a4: 7ae2         	ld	s5, 0x38(sp)
802007a6: 7b42         	ld	s6, 0x30(sp)
802007a8: 7ba2         	ld	s7, 0x28(sp)
802007aa: 7c02         	ld	s8, 0x20(sp)
802007ac: 6ce2         	ld	s9, 0x18(sp)
802007ae: 6d42         	ld	s10, 0x10(sp)
802007b0: 6da2         	ld	s11, 0x8(sp)
802007b2: 6165         	addi	sp, sp, 0x70
802007b4: 8782         	jr	a5
802007b6: 5104         	lw	s1, 0x20(a0)
802007b8: 03000593     	li	a1, 0x30
802007bc: 02854603     	lbu	a2, 0x28(a0)
802007c0: f8c43823     	sd	a2, -0x70(s0)
802007c4: 03053b83     	ld	s7, 0x30(a0)
802007c8: 03853d03     	ld	s10, 0x38(a0)
802007cc: d10c         	sw	a1, 0x20(a0)
802007ce: 4585         	li	a1, 0x1
802007d0: 8daa         	mv	s11, a0
802007d2: 02b50423     	sb	a1, 0x28(a0)
802007d6: 855e         	mv	a0, s7
802007d8: 85ea         	mv	a1, s10
802007da: 8656         	mv	a2, s5
802007dc: 86da         	mv	a3, s6
802007de: 8752         	mv	a4, s4
802007e0: 00000097     	auipc	ra, 0x0
802007e4: 0e6080e7     	jalr	0xe6(ra) <_ZN4core3fmt9Formatter12pad_integral12write_prefix17hb7935c8ee3f8b327E>
802007e8: e521         	bnez	a0, 0x80200830 <_ZN4core3fmt9Formatter12pad_integral17h08eddc1554efab46E+0x18e>
802007ea: 8a26         	mv	s4, s1
802007ec: 418c84b3     	sub	s1, s9, s8
802007f0: 0485         	addi	s1, s1, 0x1
802007f2: 14fd         	addi	s1, s1, -0x1
802007f4: c4cd         	beqz	s1, 0x8020089e <_ZN4core3fmt9Formatter12pad_integral17h08eddc1554efab46E+0x1fc>
802007f6: 020d3603     	ld	a2, 0x20(s10)
802007fa: 03000593     	li	a1, 0x30
802007fe: 855e         	mv	a0, s7
80200800: 9602         	jalr	a2
80200802: d965         	beqz	a0, 0x802007f2 <_ZN4core3fmt9Formatter12pad_integral17h08eddc1554efab46E+0x150>
80200804: a035         	j	0x80200830 <_ZN4core3fmt9Formatter12pad_integral17h08eddc1554efab46E+0x18e>
80200806: 001cd593     	srli	a1, s9, 0x1
8020080a: 0c85         	addi	s9, s9, 0x1
8020080c: 001cdc93     	srli	s9, s9, 0x1
80200810: 03053b83     	ld	s7, 0x30(a0)
80200814: 03853d03     	ld	s10, 0x38(a0)
80200818: 02052c03     	lw	s8, 0x20(a0)
8020081c: 00158493     	addi	s1, a1, 0x1
80200820: 14fd         	addi	s1, s1, -0x1
80200822: c49d         	beqz	s1, 0x80200850 <_ZN4core3fmt9Formatter12pad_integral17h08eddc1554efab46E+0x1ae>
80200824: 020d3603     	ld	a2, 0x20(s10)
80200828: 855e         	mv	a0, s7
8020082a: 85e2         	mv	a1, s8
8020082c: 9602         	jalr	a2
8020082e: d96d         	beqz	a0, 0x80200820 <_ZN4core3fmt9Formatter12pad_integral17h08eddc1554efab46E+0x17e>
80200830: 4505         	li	a0, 0x1
80200832: 70a6         	ld	ra, 0x68(sp)
80200834: 7406         	ld	s0, 0x60(sp)
80200836: 64e6         	ld	s1, 0x58(sp)
80200838: 6946         	ld	s2, 0x50(sp)
8020083a: 69a6         	ld	s3, 0x48(sp)
8020083c: 6a06         	ld	s4, 0x40(sp)
8020083e: 7ae2         	ld	s5, 0x38(sp)
80200840: 7b42         	ld	s6, 0x30(sp)
80200842: 7ba2         	ld	s7, 0x28(sp)
80200844: 7c02         	ld	s8, 0x20(sp)
80200846: 6ce2         	ld	s9, 0x18(sp)
80200848: 6d42         	ld	s10, 0x10(sp)
8020084a: 6da2         	ld	s11, 0x8(sp)
8020084c: 6165         	addi	sp, sp, 0x70
8020084e: 8082         	ret
80200850: 855e         	mv	a0, s7
80200852: 85ea         	mv	a1, s10
80200854: 8656         	mv	a2, s5
80200856: 86da         	mv	a3, s6
80200858: 8752         	mv	a4, s4
8020085a: 00000097     	auipc	ra, 0x0
8020085e: 06c080e7     	jalr	0x6c(ra) <_ZN4core3fmt9Formatter12pad_integral12write_prefix17hb7935c8ee3f8b327E>
80200862: 85aa         	mv	a1, a0
80200864: 4505         	li	a0, 0x1
80200866: f5f1         	bnez	a1, 0x80200832 <_ZN4core3fmt9Formatter12pad_integral17h08eddc1554efab46E+0x190>
80200868: 018d3683     	ld	a3, 0x18(s10)
8020086c: 855e         	mv	a0, s7
8020086e: 85ca         	mv	a1, s2
80200870: 864e         	mv	a2, s3
80200872: 9682         	jalr	a3
80200874: 85aa         	mv	a1, a0
80200876: 4505         	li	a0, 0x1
80200878: fdcd         	bnez	a1, 0x80200832 <_ZN4core3fmt9Formatter12pad_integral17h08eddc1554efab46E+0x190>
8020087a: 41900933     	neg	s2, s9
8020087e: 59fd         	li	s3, -0x1
80200880: 54fd         	li	s1, -0x1
80200882: 00990533     	add	a0, s2, s1
80200886: 03350d63     	beq	a0, s3, 0x802008c0 <_ZN4core3fmt9Formatter12pad_integral17h08eddc1554efab46E+0x21e>
8020088a: 020d3603     	ld	a2, 0x20(s10)
8020088e: 855e         	mv	a0, s7
80200890: 85e2         	mv	a1, s8
80200892: 9602         	jalr	a2
80200894: 0485         	addi	s1, s1, 0x1
80200896: d575         	beqz	a0, 0x80200882 <_ZN4core3fmt9Formatter12pad_integral17h08eddc1554efab46E+0x1e0>
80200898: 0194b533     	sltu	a0, s1, s9
8020089c: bf59         	j	0x80200832 <_ZN4core3fmt9Formatter12pad_integral17h08eddc1554efab46E+0x190>
8020089e: 018d3683     	ld	a3, 0x18(s10)
802008a2: 855e         	mv	a0, s7
802008a4: 85ca         	mv	a1, s2
802008a6: 864e         	mv	a2, s3
802008a8: 9682         	jalr	a3
802008aa: 85aa         	mv	a1, a0
802008ac: 4505         	li	a0, 0x1
802008ae: f1d1         	bnez	a1, 0x80200832 <_ZN4core3fmt9Formatter12pad_integral17h08eddc1554efab46E+0x190>
802008b0: 4501         	li	a0, 0x0
802008b2: 034da023     	sw	s4, 0x20(s11)
802008b6: f9043583     	ld	a1, -0x70(s0)
802008ba: 02bd8423     	sb	a1, 0x28(s11)
802008be: bf95         	j	0x80200832 <_ZN4core3fmt9Formatter12pad_integral17h08eddc1554efab46E+0x190>
802008c0: 019cb533     	sltu	a0, s9, s9
802008c4: b7bd         	j	0x80200832 <_ZN4core3fmt9Formatter12pad_integral17h08eddc1554efab46E+0x190>

00000000802008c6 <_ZN4core3fmt9Formatter12pad_integral12write_prefix17hb7935c8ee3f8b327E>:
802008c6: 7179         	addi	sp, sp, -0x30
802008c8: f406         	sd	ra, 0x28(sp)
802008ca: f022         	sd	s0, 0x20(sp)
802008cc: ec26         	sd	s1, 0x18(sp)
802008ce: e84a         	sd	s2, 0x10(sp)
802008d0: e44e         	sd	s3, 0x8(sp)
802008d2: e052         	sd	s4, 0x0(sp)
802008d4: 1800         	addi	s0, sp, 0x30
802008d6: 001107b7     	lui	a5, 0x110
802008da: 893a         	mv	s2, a4
802008dc: 8a36         	mv	s4, a3
802008de: 89ae         	mv	s3, a1
802008e0: 00f60b63     	beq	a2, a5, 0x802008f6 <_ZN4core3fmt9Formatter12pad_integral12write_prefix17hb7935c8ee3f8b327E+0x30>
802008e4: 0209b683     	ld	a3, 0x20(s3)
802008e8: 84aa         	mv	s1, a0
802008ea: 85b2         	mv	a1, a2
802008ec: 9682         	jalr	a3
802008ee: 862a         	mv	a2, a0
802008f0: 8526         	mv	a0, s1
802008f2: 4585         	li	a1, 0x1
802008f4: e205         	bnez	a2, 0x80200914 <_ZN4core3fmt9Formatter12pad_integral12write_prefix17hb7935c8ee3f8b327E+0x4e>
802008f6: 000a0e63     	beqz	s4, 0x80200912 <_ZN4core3fmt9Formatter12pad_integral12write_prefix17hb7935c8ee3f8b327E+0x4c>
802008fa: 0189b783     	ld	a5, 0x18(s3)
802008fe: 85d2         	mv	a1, s4
80200900: 864a         	mv	a2, s2
80200902: 70a2         	ld	ra, 0x28(sp)
80200904: 7402         	ld	s0, 0x20(sp)
80200906: 64e2         	ld	s1, 0x18(sp)
80200908: 6942         	ld	s2, 0x10(sp)
8020090a: 69a2         	ld	s3, 0x8(sp)
8020090c: 6a02         	ld	s4, 0x0(sp)
8020090e: 6145         	addi	sp, sp, 0x30
80200910: 8782         	jr	a5
80200912: 4581         	li	a1, 0x0
80200914: 852e         	mv	a0, a1
80200916: 70a2         	ld	ra, 0x28(sp)
80200918: 7402         	ld	s0, 0x20(sp)
8020091a: 64e2         	ld	s1, 0x18(sp)
8020091c: 6942         	ld	s2, 0x10(sp)
8020091e: 69a2         	ld	s3, 0x8(sp)
80200920: 6a02         	ld	s4, 0x0(sp)
80200922: 6145         	addi	sp, sp, 0x30
80200924: 8082         	ret

0000000080200926 <_ZN4core3fmt9Formatter3pad17h601e0c1a15193b14E>:
80200926: 715d         	addi	sp, sp, -0x50
80200928: e486         	sd	ra, 0x48(sp)
8020092a: e0a2         	sd	s0, 0x40(sp)
8020092c: fc26         	sd	s1, 0x38(sp)
8020092e: f84a         	sd	s2, 0x30(sp)
80200930: f44e         	sd	s3, 0x28(sp)
80200932: f052         	sd	s4, 0x20(sp)
80200934: ec56         	sd	s5, 0x18(sp)
80200936: e85a         	sd	s6, 0x10(sp)
80200938: e45e         	sd	s7, 0x8(sp)
8020093a: 0880         	addi	s0, sp, 0x50
8020093c: 6114         	ld	a3, 0x0(a0)
8020093e: 6918         	ld	a4, 0x10(a0)
80200940: 00e6e7b3     	or	a5, a3, a4
80200944: 8932         	mv	s2, a2
80200946: 89ae         	mv	s3, a1
80200948: 10078163     	beqz	a5, 0x80200a4a <_ZN4core3fmt9Formatter3pad17h601e0c1a15193b14E+0x124>
8020094c: 8b05         	andi	a4, a4, 0x1
8020094e: cb51         	beqz	a4, 0x802009e2 <_ZN4core3fmt9Formatter3pad17h601e0c1a15193b14E+0xbc>
80200950: 6d18         	ld	a4, 0x18(a0)
80200952: 01298633     	add	a2, s3, s2
80200956: 4581         	li	a1, 0x0
80200958: c721         	beqz	a4, 0x802009a0 <_ZN4core3fmt9Formatter3pad17h601e0c1a15193b14E+0x7a>
8020095a: 0e000893     	li	a7, 0xe0
8020095e: 0f000813     	li	a6, 0xf0
80200962: 84ce         	mv	s1, s3
80200964: a809         	j	0x80200976 <_ZN4core3fmt9Formatter3pad17h601e0c1a15193b14E+0x50>
80200966: 00148793     	addi	a5, s1, 0x1
8020096a: 8c8d         	sub	s1, s1, a1
8020096c: 177d         	addi	a4, a4, -0x1
8020096e: 409785b3     	sub	a1, a5, s1
80200972: 84be         	mv	s1, a5
80200974: c71d         	beqz	a4, 0x802009a2 <_ZN4core3fmt9Formatter3pad17h601e0c1a15193b14E+0x7c>
80200976: 06c48663     	beq	s1, a2, 0x802009e2 <_ZN4core3fmt9Formatter3pad17h601e0c1a15193b14E+0xbc>
8020097a: 00048783     	lb	a5, 0x0(s1)
8020097e: fe07d4e3     	bgez	a5, 0x80200966 <_ZN4core3fmt9Formatter3pad17h601e0c1a15193b14E+0x40>
80200982: 0ff7f793     	andi	a5, a5, 0xff
80200986: 0117e763     	bltu	a5, a7, 0x80200994 <_ZN4core3fmt9Formatter3pad17h601e0c1a15193b14E+0x6e>
8020098a: 0107e863     	bltu	a5, a6, 0x8020099a <_ZN4core3fmt9Formatter3pad17h601e0c1a15193b14E+0x74>
8020098e: 00448793     	addi	a5, s1, 0x4
80200992: bfe1         	j	0x8020096a <_ZN4core3fmt9Formatter3pad17h601e0c1a15193b14E+0x44>
80200994: 00248793     	addi	a5, s1, 0x2
80200998: bfc9         	j	0x8020096a <_ZN4core3fmt9Formatter3pad17h601e0c1a15193b14E+0x44>
8020099a: 00348793     	addi	a5, s1, 0x3
8020099e: b7f1         	j	0x8020096a <_ZN4core3fmt9Formatter3pad17h601e0c1a15193b14E+0x44>
802009a0: 87ce         	mv	a5, s3
802009a2: 04c78063     	beq	a5, a2, 0x802009e2 <_ZN4core3fmt9Formatter3pad17h601e0c1a15193b14E+0xbc>
802009a6: 00078603     	lb	a2, 0x0(a5)
802009aa: 00065663     	bgez	a2, 0x802009b6 <_ZN4core3fmt9Formatter3pad17h601e0c1a15193b14E+0x90>
802009ae: 0ff67613     	andi	a2, a2, 0xff
802009b2: 0e000713     	li	a4, 0xe0
802009b6: c18d         	beqz	a1, 0x802009d8 <_ZN4core3fmt9Formatter3pad17h601e0c1a15193b14E+0xb2>
802009b8: 0125fe63     	bgeu	a1, s2, 0x802009d4 <_ZN4core3fmt9Formatter3pad17h601e0c1a15193b14E+0xae>
802009bc: 00b98633     	add	a2, s3, a1
802009c0: 00060603     	lb	a2, 0x0(a2)
802009c4: fc000713     	li	a4, -0x40
802009c8: 00e65863     	bge	a2, a4, 0x802009d8 <_ZN4core3fmt9Formatter3pad17h601e0c1a15193b14E+0xb2>
802009cc: 4601         	li	a2, 0x0
802009ce: 00001863     	bnez	zero, 0x802009de <_ZN4core3fmt9Formatter3pad17h601e0c1a15193b14E+0xb8>
802009d2: a801         	j	0x802009e2 <_ZN4core3fmt9Formatter3pad17h601e0c1a15193b14E+0xbc>
802009d4: ff259ce3     	bne	a1, s2, 0x802009cc <_ZN4core3fmt9Formatter3pad17h601e0c1a15193b14E+0xa6>
802009d8: 864e         	mv	a2, s3
802009da: 00098463     	beqz	s3, 0x802009e2 <_ZN4core3fmt9Formatter3pad17h601e0c1a15193b14E+0xbc>
802009de: 892e         	mv	s2, a1
802009e0: 89b2         	mv	s3, a2
802009e2: c6a5         	beqz	a3, 0x80200a4a <_ZN4core3fmt9Formatter3pad17h601e0c1a15193b14E+0x124>
802009e4: 6504         	ld	s1, 0x8(a0)
802009e6: 02000593     	li	a1, 0x20
802009ea: 04b97563     	bgeu	s2, a1, 0x80200a34 <_ZN4core3fmt9Formatter3pad17h601e0c1a15193b14E+0x10e>
802009ee: 4581         	li	a1, 0x0
802009f0: 00090f63     	beqz	s2, 0x80200a0e <_ZN4core3fmt9Formatter3pad17h601e0c1a15193b14E+0xe8>
802009f4: 01298633     	add	a2, s3, s2
802009f8: 86ce         	mv	a3, s3
802009fa: 00068703     	lb	a4, 0x0(a3)
802009fe: fc072713     	slti	a4, a4, -0x40
80200a02: 00174713     	xori	a4, a4, 0x1
80200a06: 0685         	addi	a3, a3, 0x1
80200a08: 95ba         	add	a1, a1, a4
80200a0a: fec698e3     	bne	a3, a2, 0x802009fa <_ZN4core3fmt9Formatter3pad17h601e0c1a15193b14E+0xd4>
80200a0e: 0295fe63     	bgeu	a1, s1, 0x80200a4a <_ZN4core3fmt9Formatter3pad17h601e0c1a15193b14E+0x124>
80200a12: 02854603     	lbu	a2, 0x28(a0)
80200a16: ffd60693     	addi	a3, a2, -0x3
80200a1a: 0016b693     	seqz	a3, a3
80200a1e: 16fd         	addi	a3, a3, -0x1
80200a20: 8e75         	and	a2, a2, a3
80200a22: 40b48ab3     	sub	s5, s1, a1
80200a26: c639         	beqz	a2, 0x80200a74 <_ZN4core3fmt9Formatter3pad17h601e0c1a15193b14E+0x14e>
80200a28: 4585         	li	a1, 0x1
80200a2a: 04b61063     	bne	a2, a1, 0x80200a6a <_ZN4core3fmt9Formatter3pad17h601e0c1a15193b14E+0x144>
80200a2e: 8656         	mv	a2, s5
80200a30: 4a81         	li	s5, 0x0
80200a32: a089         	j	0x80200a74 <_ZN4core3fmt9Formatter3pad17h601e0c1a15193b14E+0x14e>
80200a34: 8a2a         	mv	s4, a0
80200a36: 854e         	mv	a0, s3
80200a38: 85ca         	mv	a1, s2
80200a3a: 00000097     	auipc	ra, 0x0
80200a3e: 0e0080e7     	jalr	0xe0(ra) <_ZN4core3str5count14do_count_chars17h10048e06a3c8ed6aE>
80200a42: 85aa         	mv	a1, a0
80200a44: 8552         	mv	a0, s4
80200a46: fc95e6e3     	bltu	a1, s1, 0x80200a12 <_ZN4core3fmt9Formatter3pad17h601e0c1a15193b14E+0xec>
80200a4a: 7d0c         	ld	a1, 0x38(a0)
80200a4c: 7908         	ld	a0, 0x30(a0)
80200a4e: 6d9c         	ld	a5, 0x18(a1)
80200a50: 85ce         	mv	a1, s3
80200a52: 864a         	mv	a2, s2
80200a54: 60a6         	ld	ra, 0x48(sp)
80200a56: 6406         	ld	s0, 0x40(sp)
80200a58: 74e2         	ld	s1, 0x38(sp)
80200a5a: 7942         	ld	s2, 0x30(sp)
80200a5c: 79a2         	ld	s3, 0x28(sp)
80200a5e: 7a02         	ld	s4, 0x20(sp)
80200a60: 6ae2         	ld	s5, 0x18(sp)
80200a62: 6b42         	ld	s6, 0x10(sp)
80200a64: 6ba2         	ld	s7, 0x8(sp)
80200a66: 6161         	addi	sp, sp, 0x50
80200a68: 8782         	jr	a5
80200a6a: 001ad613     	srli	a2, s5, 0x1
80200a6e: 0a85         	addi	s5, s5, 0x1
80200a70: 001ada93     	srli	s5, s5, 0x1
80200a74: 03053a03     	ld	s4, 0x30(a0)
80200a78: 03853b83     	ld	s7, 0x38(a0)
80200a7c: 02052b03     	lw	s6, 0x20(a0)
80200a80: 00160493     	addi	s1, a2, 0x1
80200a84: 14fd         	addi	s1, s1, -0x1
80200a86: c889         	beqz	s1, 0x80200a98 <_ZN4core3fmt9Formatter3pad17h601e0c1a15193b14E+0x172>
80200a88: 020bb603     	ld	a2, 0x20(s7)
80200a8c: 8552         	mv	a0, s4
80200a8e: 85da         	mv	a1, s6
80200a90: 9602         	jalr	a2
80200a92: d96d         	beqz	a0, 0x80200a84 <_ZN4core3fmt9Formatter3pad17h601e0c1a15193b14E+0x15e>
80200a94: 4505         	li	a0, 0x1
80200a96: a82d         	j	0x80200ad0 <_ZN4core3fmt9Formatter3pad17h601e0c1a15193b14E+0x1aa>
80200a98: 018bb683     	ld	a3, 0x18(s7)
80200a9c: 8552         	mv	a0, s4
80200a9e: 85ce         	mv	a1, s3
80200aa0: 864a         	mv	a2, s2
80200aa2: 9682         	jalr	a3
80200aa4: 85aa         	mv	a1, a0
80200aa6: 4505         	li	a0, 0x1
80200aa8: e585         	bnez	a1, 0x80200ad0 <_ZN4core3fmt9Formatter3pad17h601e0c1a15193b14E+0x1aa>
80200aaa: 41500933     	neg	s2, s5
80200aae: 59fd         	li	s3, -0x1
80200ab0: 54fd         	li	s1, -0x1
80200ab2: 00990533     	add	a0, s2, s1
80200ab6: 01350a63     	beq	a0, s3, 0x80200aca <_ZN4core3fmt9Formatter3pad17h601e0c1a15193b14E+0x1a4>
80200aba: 020bb603     	ld	a2, 0x20(s7)
80200abe: 8552         	mv	a0, s4
80200ac0: 85da         	mv	a1, s6
80200ac2: 9602         	jalr	a2
80200ac4: 0485         	addi	s1, s1, 0x1
80200ac6: d575         	beqz	a0, 0x80200ab2 <_ZN4core3fmt9Formatter3pad17h601e0c1a15193b14E+0x18c>
80200ac8: a011         	j	0x80200acc <_ZN4core3fmt9Formatter3pad17h601e0c1a15193b14E+0x1a6>
80200aca: 84d6         	mv	s1, s5
80200acc: 0154b533     	sltu	a0, s1, s5
80200ad0: 60a6         	ld	ra, 0x48(sp)
80200ad2: 6406         	ld	s0, 0x40(sp)
80200ad4: 74e2         	ld	s1, 0x38(sp)
80200ad6: 7942         	ld	s2, 0x30(sp)
80200ad8: 79a2         	ld	s3, 0x28(sp)
80200ada: 7a02         	ld	s4, 0x20(sp)
80200adc: 6ae2         	ld	s5, 0x18(sp)
80200ade: 6b42         	ld	s6, 0x10(sp)
80200ae0: 6ba2         	ld	s7, 0x8(sp)
80200ae2: 6161         	addi	sp, sp, 0x50
80200ae4: 8082         	ret

0000000080200ae6 <_ZN57_$LT$core..fmt..Formatter$u20$as$u20$core..fmt..Write$GT$9write_str17h1dc9abc2d2ed6cceE>:
80200ae6: 1141         	addi	sp, sp, -0x10
80200ae8: e406         	sd	ra, 0x8(sp)
80200aea: e022         	sd	s0, 0x0(sp)
80200aec: 0800         	addi	s0, sp, 0x10
80200aee: 7d14         	ld	a3, 0x38(a0)
80200af0: 7908         	ld	a0, 0x30(a0)
80200af2: 6e9c         	ld	a5, 0x18(a3)
80200af4: 60a2         	ld	ra, 0x8(sp)
80200af6: 6402         	ld	s0, 0x0(sp)
80200af8: 0141         	addi	sp, sp, 0x10
80200afa: 8782         	jr	a5

0000000080200afc <_ZN42_$LT$str$u20$as$u20$core..fmt..Display$GT$3fmt17h1c6bf3111fb4e387E>:
80200afc: 1141         	addi	sp, sp, -0x10
80200afe: e406         	sd	ra, 0x8(sp)
80200b00: e022         	sd	s0, 0x0(sp)
80200b02: 0800         	addi	s0, sp, 0x10
80200b04: 86ae         	mv	a3, a1
80200b06: 85aa         	mv	a1, a0
80200b08: 8532         	mv	a0, a2
80200b0a: 8636         	mv	a2, a3
80200b0c: 60a2         	ld	ra, 0x8(sp)
80200b0e: 6402         	ld	s0, 0x0(sp)
80200b10: 0141         	addi	sp, sp, 0x10
80200b12: 00000317     	auipc	t1, 0x0
80200b16: e1430067     	jr	-0x1ec(t1) <_ZN4core3fmt9Formatter3pad17h601e0c1a15193b14E>

0000000080200b1a <_ZN4core3str5count14do_count_chars17h10048e06a3c8ed6aE>:
80200b1a: 1141         	addi	sp, sp, -0x10
80200b1c: e406         	sd	ra, 0x8(sp)
80200b1e: e022         	sd	s0, 0x0(sp)
80200b20: 0800         	addi	s0, sp, 0x10
80200b22: 862a         	mv	a2, a0
80200b24: 00750793     	addi	a5, a0, 0x7
80200b28: 9be1         	andi	a5, a5, -0x8
80200b2a: 40a786b3     	sub	a3, a5, a0
80200b2e: 02d5f363     	bgeu	a1, a3, 0x80200b54 <_ZN4core3str5count14do_count_chars17h10048e06a3c8ed6aE+0x3a>
80200b32: 4501         	li	a0, 0x0
80200b34: cd81         	beqz	a1, 0x80200b4c <_ZN4core3str5count14do_count_chars17h10048e06a3c8ed6aE+0x32>
80200b36: 95b2         	add	a1, a1, a2
80200b38: 00060683     	lb	a3, 0x0(a2)
80200b3c: fc06a693     	slti	a3, a3, -0x40
80200b40: 0016c693     	xori	a3, a3, 0x1
80200b44: 0605         	addi	a2, a2, 0x1
80200b46: 9536         	add	a0, a0, a3
80200b48: feb618e3     	bne	a2, a1, 0x80200b38 <_ZN4core3str5count14do_count_chars17h10048e06a3c8ed6aE+0x1e>
80200b4c: 60a2         	ld	ra, 0x8(sp)
80200b4e: 6402         	ld	s0, 0x0(sp)
80200b50: 0141         	addi	sp, sp, 0x10
80200b52: 8082         	ret
80200b54: 40d58733     	sub	a4, a1, a3
80200b58: 00375313     	srli	t1, a4, 0x3
80200b5c: fc030be3     	beqz	t1, 0x80200b32 <_ZN4core3str5count14do_count_chars17h10048e06a3c8ed6aE+0x18>
80200b60: 96b2         	add	a3, a3, a2
80200b62: 00777813     	andi	a6, a4, 0x7
80200b66: 4501         	li	a0, 0x0
80200b68: 00c78c63     	beq	a5, a2, 0x80200b80 <_ZN4core3str5count14do_count_chars17h10048e06a3c8ed6aE+0x66>
80200b6c: 00060583     	lb	a1, 0x0(a2)
80200b70: fc05a593     	slti	a1, a1, -0x40
80200b74: 0015c593     	xori	a1, a1, 0x1
80200b78: 0605         	addi	a2, a2, 0x1
80200b7a: 952e         	add	a0, a0, a1
80200b7c: fed618e3     	bne	a2, a3, 0x80200b6c <_ZN4core3str5count14do_count_chars17h10048e06a3c8ed6aE+0x52>
80200b80: 4601         	li	a2, 0x0
80200b82: 02080263     	beqz	a6, 0x80200ba6 <_ZN4core3str5count14do_count_chars17h10048e06a3c8ed6aE+0x8c>
80200b86: ff877593     	andi	a1, a4, -0x8
80200b8a: 00b68733     	add	a4, a3, a1
80200b8e: 95be         	add	a1, a1, a5
80200b90: 95c2         	add	a1, a1, a6
80200b92: 00070783     	lb	a5, 0x0(a4)
80200b96: fc07a793     	slti	a5, a5, -0x40
80200b9a: 0017c793     	xori	a5, a5, 0x1
80200b9e: 0705         	addi	a4, a4, 0x1
80200ba0: 963e         	add	a2, a2, a5
80200ba2: feb718e3     	bne	a4, a1, 0x80200b92 <_ZN4core3str5count14do_count_chars17h10048e06a3c8ed6aE+0x78>
80200ba6: 010105b7     	lui	a1, 0x1010
80200baa: 1015859b     	addiw	a1, a1, 0x101
80200bae: 02059713     	slli	a4, a1, 0x20
80200bb2: 00e58fb3     	add	t6, a1, a4
80200bb6: 00ff0737     	lui	a4, 0xff0
80200bba: 0ff7089b     	addiw	a7, a4, 0xff
80200bbe: 02089713     	slli	a4, a7, 0x20
80200bc2: 98ba         	add	a7, a7, a4
80200bc4: 6741         	lui	a4, 0x10
80200bc6: 2705         	addiw	a4, a4, 0x1
80200bc8: 02071813     	slli	a6, a4, 0x20
80200bcc: 983a         	add	a6, a6, a4
80200bce: 9532         	add	a0, a0, a2
80200bd0: 4291         	li	t0, 0x4
80200bd2: a015         	j	0x80200bf6 <_ZN4core3str5count14do_count_chars17h10048e06a3c8ed6aE+0xdc>
80200bd4: 006e06b3     	add	a3, t3, t1
80200bd8: 407e8333     	sub	t1, t4, t2
80200bdc: 0033f593     	andi	a1, t2, 0x3
80200be0: 0117f633     	and	a2, a5, a7
80200be4: 83a1         	srli	a5, a5, 0x8
80200be6: 0117f733     	and	a4, a5, a7
80200bea: 963a         	add	a2, a2, a4
80200bec: 03060633     	mul	a2, a2, a6
80200bf0: 9241         	srli	a2, a2, 0x30
80200bf2: 9532         	add	a0, a0, a2
80200bf4: edbd         	bnez	a1, 0x80200c72 <_ZN4core3str5count14do_count_chars17h10048e06a3c8ed6aE+0x158>
80200bf6: f4030be3     	beqz	t1, 0x80200b4c <_ZN4core3str5count14do_count_chars17h10048e06a3c8ed6aE+0x32>
80200bfa: 8e9a         	mv	t4, t1
80200bfc: 8e36         	mv	t3, a3
80200bfe: 0c000613     	li	a2, 0xc0
80200c02: 839a         	mv	t2, t1
80200c04: 00c36463     	bltu	t1, a2, 0x80200c0c <_ZN4core3str5count14do_count_chars17h10048e06a3c8ed6aE+0xf2>
80200c08: 0c000393     	li	t2, 0xc0
80200c0c: 00339313     	slli	t1, t2, 0x3
80200c10: 4781         	li	a5, 0x0
80200c12: fc5ee1e3     	bltu	t4, t0, 0x80200bd4 <_ZN4core3str5count14do_count_chars17h10048e06a3c8ed6aE+0xba>
80200c16: 7e037613     	andi	a2, t1, 0x7e0
80200c1a: 00ce0f33     	add	t5, t3, a2
80200c1e: 86f2         	mv	a3, t3
80200c20: 6298         	ld	a4, 0x0(a3)
80200c22: fff74613     	not	a2, a4
80200c26: 821d         	srli	a2, a2, 0x7
80200c28: 8319         	srli	a4, a4, 0x6
80200c2a: 668c         	ld	a1, 0x8(a3)
80200c2c: 8e59         	or	a2, a2, a4
80200c2e: 01f67633     	and	a2, a2, t6
80200c32: 963e         	add	a2, a2, a5
80200c34: fff5c713     	not	a4, a1
80200c38: 831d         	srli	a4, a4, 0x7
80200c3a: 6a9c         	ld	a5, 0x10(a3)
80200c3c: 8199         	srli	a1, a1, 0x6
80200c3e: 8dd9         	or	a1, a1, a4
80200c40: 01f5f5b3     	and	a1, a1, t6
80200c44: fff7c713     	not	a4, a5
80200c48: 831d         	srli	a4, a4, 0x7
80200c4a: 8399         	srli	a5, a5, 0x6
80200c4c: 8f5d         	or	a4, a4, a5
80200c4e: 6e9c         	ld	a5, 0x18(a3)
80200c50: 01f77733     	and	a4, a4, t6
80200c54: 95ba         	add	a1, a1, a4
80200c56: 95b2         	add	a1, a1, a2
80200c58: fff7c613     	not	a2, a5
80200c5c: 821d         	srli	a2, a2, 0x7
80200c5e: 8399         	srli	a5, a5, 0x6
80200c60: 8e5d         	or	a2, a2, a5
80200c62: 01f677b3     	and	a5, a2, t6
80200c66: 02068693     	addi	a3, a3, 0x20
80200c6a: 97ae         	add	a5, a5, a1
80200c6c: fbe69ae3     	bne	a3, t5, 0x80200c20 <_ZN4core3str5count14do_count_chars17h10048e06a3c8ed6aE+0x106>
80200c70: b795         	j	0x80200bd4 <_ZN4core3str5count14do_count_chars17h10048e06a3c8ed6aE+0xba>
80200c72: 4601         	li	a2, 0x0
80200c74: 0fc3f593     	andi	a1, t2, 0xfc
80200c78: 058e         	slli	a1, a1, 0x3
80200c7a: 9e2e         	add	t3, t3, a1
80200c7c: 0c0eb593     	sltiu	a1, t4, 0xc0
80200c80: 40b005bb     	negw	a1, a1
80200c84: 00bef5b3     	and	a1, t4, a1
80200c88: 898d         	andi	a1, a1, 0x3
80200c8a: 00359693     	slli	a3, a1, 0x3
80200c8e: 000e3583     	ld	a1, 0x0(t3)
80200c92: 0e21         	addi	t3, t3, 0x8
80200c94: fff5c713     	not	a4, a1
80200c98: 831d         	srli	a4, a4, 0x7
80200c9a: 8199         	srli	a1, a1, 0x6
80200c9c: 8dd9         	or	a1, a1, a4
80200c9e: 01f5f5b3     	and	a1, a1, t6
80200ca2: 16e1         	addi	a3, a3, -0x8
80200ca4: 962e         	add	a2, a2, a1
80200ca6: f6e5         	bnez	a3, 0x80200c8e <_ZN4core3str5count14do_count_chars17h10048e06a3c8ed6aE+0x174>
80200ca8: 011675b3     	and	a1, a2, a7
80200cac: 8221         	srli	a2, a2, 0x8
80200cae: 01167633     	and	a2, a2, a7
80200cb2: 95b2         	add	a1, a1, a2
80200cb4: 030585b3     	mul	a1, a1, a6
80200cb8: 91c1         	srli	a1, a1, 0x30
80200cba: 952e         	add	a0, a0, a1
80200cbc: 60a2         	ld	ra, 0x8(sp)
80200cbe: 6402         	ld	s0, 0x0(sp)
80200cc0: 0141         	addi	sp, sp, 0x10
80200cc2: 8082         	ret

0000000080200cc4 <_ZN4core3fmt3num3imp52_$LT$impl$u20$core..fmt..Display$u20$for$u20$u32$GT$3fmt17h7de6f4822c43ab60E>:
80200cc4: 1141         	addi	sp, sp, -0x10
80200cc6: e406         	sd	ra, 0x8(sp)
80200cc8: e022         	sd	s0, 0x0(sp)
80200cca: 0800         	addi	s0, sp, 0x10
80200ccc: 4108         	lw	a0, 0x0(a0)
80200cce: 862e         	mv	a2, a1
80200cd0: 4585         	li	a1, 0x1
80200cd2: 60a2         	ld	ra, 0x8(sp)
80200cd4: 6402         	ld	s0, 0x0(sp)
80200cd6: 0141         	addi	sp, sp, 0x10
80200cd8: 00000317     	auipc	t1, 0x0
80200cdc: 00830067     	jr	0x8(t1) <_ZN4core3fmt3num3imp21_$LT$impl$u20$u32$GT$4_fmt17ha87a78a900817107E>

0000000080200ce0 <_ZN4core3fmt3num3imp21_$LT$impl$u20$u32$GT$4_fmt17ha87a78a900817107E>:
80200ce0: 7179         	addi	sp, sp, -0x30
80200ce2: f406         	sd	ra, 0x28(sp)
80200ce4: f022         	sd	s0, 0x20(sp)
80200ce6: ec26         	sd	s1, 0x18(sp)
80200ce8: e84a         	sd	s2, 0x10(sp)
80200cea: 1800         	addi	s0, sp, 0x30
80200cec: 8832         	mv	a6, a2
80200cee: 0045569b     	srliw	a3, a0, 0x4
80200cf2: 4729         	li	a4, 0xa
80200cf4: 27100793     	li	a5, 0x271

0000000080200cf8 <.Lpcrel_hi1011>:
80200cf8: 00000617     	auipc	a2, 0x0
80200cfc: 4f060e93     	addi	t4, a2, 0x4f0
80200d00: 02f6f363     	bgeu	a3, a5, 0x80200d26 <.Lpcrel_hi1011+0x2e>
80200d04: 06300693     	li	a3, 0x63
80200d08: 0aa6eb63     	bltu	a3, a0, 0x80200dbe <.Lpcrel_hi1011+0xc6>
80200d0c: 4629         	li	a2, 0xa
80200d0e: 0ec57963     	bgeu	a0, a2, 0x80200e00 <.Lpcrel_hi1011+0x108>
80200d12: fff70693     	addi	a3, a4, -0x1
80200d16: fd640613     	addi	a2, s0, -0x2a
80200d1a: 9636         	add	a2, a2, a3
80200d1c: 03056513     	ori	a0, a0, 0x30
80200d20: 00a60023     	sb	a0, 0x0(a2)
80200d24: a8ed         	j	0x80200e1e <.Lpcrel_hi1011+0x126>
80200d26: 4701         	li	a4, 0x0
80200d28: fdc40893     	addi	a7, s0, -0x24
80200d2c: fde40293     	addi	t0, s0, -0x22
80200d30: d1b716b7     	lui	a3, 0xd1b71
80200d34: 75968313     	addi	t1, a3, 0x759
80200d38: 1302         	slli	t1, t1, 0x20
80200d3a: 6689         	lui	a3, 0x2
80200d3c: 71068e13     	addi	t3, a3, 0x710
80200d40: 6685         	lui	a3, 0x1
80200d42: 47b68f1b     	addiw	t5, a3, 0x47b
80200d46: 06400393     	li	t2, 0x64
80200d4a: 05f5e6b7     	lui	a3, 0x5f5e
80200d4e: 0ff68f9b     	addiw	t6, a3, 0xff
80200d52: 892a         	mv	s2, a0
80200d54: 1502         	slli	a0, a0, 0x20
80200d56: 02653533     	mulhu	a0, a0, t1
80200d5a: 9135         	srli	a0, a0, 0x2d
80200d5c: 03c507b3     	mul	a5, a0, t3
80200d60: 40f9063b     	subw	a2, s2, a5
80200d64: 03061793     	slli	a5, a2, 0x30
80200d68: 93c9         	srli	a5, a5, 0x32
80200d6a: 03e787b3     	mul	a5, a5, t5
80200d6e: 0117d493     	srli	s1, a5, 0x11
80200d72: 83c1         	srli	a5, a5, 0x10
80200d74: 7fe7f793     	andi	a5, a5, 0x7fe
80200d78: 027484b3     	mul	s1, s1, t2
80200d7c: 9e05         	subw	a2, a2, s1
80200d7e: 1646         	slli	a2, a2, 0x31
80200d80: 97f6         	add	a5, a5, t4
80200d82: 0017c483     	lbu	s1, 0x1(a5)
80200d86: 9241         	srli	a2, a2, 0x30
80200d88: 00e886b3     	add	a3, a7, a4
80200d8c: 0007c783     	lbu	a5, 0x0(a5)
80200d90: 009680a3     	sb	s1, 0x1(a3)
80200d94: 9676         	add	a2, a2, t4
80200d96: 00164483     	lbu	s1, 0x1(a2)
80200d9a: 00064603     	lbu	a2, 0x0(a2)
80200d9e: 00f68023     	sb	a5, 0x0(a3)
80200da2: 00e286b3     	add	a3, t0, a4
80200da6: 009680a3     	sb	s1, 0x1(a3)
80200daa: 00c68023     	sb	a2, 0x0(a3)
80200dae: 1771         	addi	a4, a4, -0x4
80200db0: fb2fe1e3     	bltu	t6, s2, 0x80200d52 <.Lpcrel_hi1011+0x5a>
80200db4: 0729         	addi	a4, a4, 0xa
80200db6: 06300693     	li	a3, 0x63
80200dba: f4a6f9e3     	bgeu	a3, a0, 0x80200d0c <.Lpcrel_hi1011+0x14>
80200dbe: 03051613     	slli	a2, a0, 0x30
80200dc2: 9249         	srli	a2, a2, 0x32
80200dc4: 6685         	lui	a3, 0x1
80200dc6: 47b6869b     	addiw	a3, a3, 0x47b
80200dca: 02d60633     	mul	a2, a2, a3
80200dce: 8245         	srli	a2, a2, 0x11
80200dd0: 06400693     	li	a3, 0x64
80200dd4: 02d606b3     	mul	a3, a2, a3
80200dd8: 9d15         	subw	a0, a0, a3
80200dda: 1546         	slli	a0, a0, 0x31
80200ddc: 9141         	srli	a0, a0, 0x30
80200dde: 1779         	addi	a4, a4, -0x2
80200de0: 9576         	add	a0, a0, t4
80200de2: 00154683     	lbu	a3, 0x1(a0)
80200de6: 00054503     	lbu	a0, 0x0(a0)
80200dea: fd640793     	addi	a5, s0, -0x2a
80200dee: 97ba         	add	a5, a5, a4
80200df0: 00d780a3     	sb	a3, 0x1(a5)
80200df4: 00a78023     	sb	a0, 0x0(a5)
80200df8: 8532         	mv	a0, a2
80200dfa: 4629         	li	a2, 0xa
80200dfc: f0c56be3     	bltu	a0, a2, 0x80200d12 <.Lpcrel_hi1011+0x1a>
80200e00: 0506         	slli	a0, a0, 0x1
80200e02: ffe70693     	addi	a3, a4, -0x2
80200e06: 9576         	add	a0, a0, t4
80200e08: 00154603     	lbu	a2, 0x1(a0)
80200e0c: 00054503     	lbu	a0, 0x0(a0)
80200e10: fd640713     	addi	a4, s0, -0x2a
80200e14: 9736         	add	a4, a4, a3
80200e16: 00c700a3     	sb	a2, 0x1(a4)
80200e1a: 00a70023     	sb	a0, 0x0(a4)
80200e1e: fd640713     	addi	a4, s0, -0x2a
80200e22: 9736         	add	a4, a4, a3
80200e24: 47a9         	li	a5, 0xa
80200e26: 8f95         	sub	a5, a5, a3
80200e28: 4605         	li	a2, 0x1
80200e2a: 8542         	mv	a0, a6
80200e2c: 4681         	li	a3, 0x0
80200e2e: 00000097     	auipc	ra, 0x0
80200e32: 874080e7     	jalr	-0x78c(ra) <_ZN4core3fmt9Formatter12pad_integral17h08eddc1554efab46E>
80200e36: 70a2         	ld	ra, 0x28(sp)
80200e38: 7402         	ld	s0, 0x20(sp)
80200e3a: 64e2         	ld	s1, 0x18(sp)
80200e3c: 6942         	ld	s2, 0x10(sp)
80200e3e: 6145         	addi	sp, sp, 0x30
80200e40: 8082         	ret

0000000080200e42 <_ZN42_$LT$$RF$T$u20$as$u20$core..fmt..Debug$GT$3fmt17hfe6338d772e74072E>:
80200e42: 1141         	addi	sp, sp, -0x10
80200e44: e406         	sd	ra, 0x8(sp)
80200e46: e022         	sd	s0, 0x0(sp)
80200e48: 0800         	addi	s0, sp, 0x10
80200e4a: 6510         	ld	a2, 0x8(a0)
80200e4c: 6108         	ld	a0, 0x0(a0)
80200e4e: 6e1c         	ld	a5, 0x18(a2)
80200e50: 60a2         	ld	ra, 0x8(sp)
80200e52: 6402         	ld	s0, 0x0(sp)
80200e54: 0141         	addi	sp, sp, 0x10
80200e56: 8782         	jr	a5

0000000080200e58 <_ZN44_$LT$$RF$T$u20$as$u20$core..fmt..Display$GT$3fmt17he1afd8614e53d181E>:
80200e58: 1141         	addi	sp, sp, -0x10
80200e5a: e406         	sd	ra, 0x8(sp)
80200e5c: e022         	sd	s0, 0x0(sp)
80200e5e: 0800         	addi	s0, sp, 0x10
80200e60: 6114         	ld	a3, 0x0(a0)
80200e62: 6510         	ld	a2, 0x8(a0)
80200e64: 852e         	mv	a0, a1
80200e66: 85b6         	mv	a1, a3
80200e68: 60a2         	ld	ra, 0x8(sp)
80200e6a: 6402         	ld	s0, 0x0(sp)
80200e6c: 0141         	addi	sp, sp, 0x10
80200e6e: 00000317     	auipc	t1, 0x0
80200e72: ab830067     	jr	-0x548(t1) <_ZN4core3fmt9Formatter3pad17h601e0c1a15193b14E>
